


ARM Macro Assembler    Page 1 


    1 00000000         ; <<< Use Configuration Wizard in Context Menu >>>
    2 00000000         ;*******************************************************
                       ***********************
    3 00000000         ;
    4 00000000         ; startup_rvmdk.S - Startup code for use with Keil's uVi
                       sion.
    5 00000000         ;
    6 00000000         ; Copyright (c) 2012-2017 Texas Instruments Incorporated
                       .  All rights reserved.
    7 00000000         ; Software License Agreement
    8 00000000         ; 
    9 00000000         ; Texas Instruments (TI) is supplying this software for 
                       use solely and
   10 00000000         ; exclusively on TI's microcontroller products. The soft
                       ware is owned by
   11 00000000         ; TI and/or its suppliers, and is protected under applic
                       able copyright
   12 00000000         ; laws. You may not combine this software with "viral" o
                       pen-source
   13 00000000         ; software in order to form a larger program.
   14 00000000         ; 
   15 00000000         ; THIS SOFTWARE IS PROVIDED "AS IS" AND WITH ALL FAULTS.
                       
   16 00000000         ; NO WARRANTIES, WHETHER EXPRESS, IMPLIED OR STATUTORY, 
                       INCLUDING, BUT
   17 00000000         ; NOT LIMITED TO, IMPLIED WARRANTIES OF MERCHANTABILITY 
                       AND FITNESS FOR
   18 00000000         ; A PARTICULAR PURPOSE APPLY TO THIS SOFTWARE. TI SHALL 
                       NOT, UNDER ANY
   19 00000000         ; CIRCUMSTANCES, BE LIABLE FOR SPECIAL, INCIDENTAL, OR C
                       ONSEQUENTIAL
   20 00000000         ; DAMAGES, FOR ANY REASON WHATSOEVER.
   21 00000000         ; 
   22 00000000         ; This is part of revision 2.1.4.178 of the EK-TM4C123GX
                       L Firmware Package.
   23 00000000         ;
   24 00000000         ;*******************************************************
                       ***********************
   25 00000000         
   26 00000000         ;*******************************************************
                       ***********************
   27 00000000         ;
   28 00000000         ; <o> Stack Size (in Bytes) <0x0-0xFFFFFFFF:8>
   29 00000000         ;
   30 00000000         ;*******************************************************
                       ***********************
   31 00000000 00000200 
                       Stack   EQU              0x00000200
   32 00000000         
   33 00000000         ;*******************************************************
                       ***********************
   34 00000000         ;
   35 00000000         ; <o> Heap Size (in Bytes) <0x0-0xFFFFFFFF:8>
   36 00000000         ;
   37 00000000         ;*******************************************************
                       ***********************
   38 00000000 00000000 
                       Heap    EQU              0x00000000
   39 00000000         



ARM Macro Assembler    Page 2 


   40 00000000         ;*******************************************************
                       ***********************
   41 00000000         ;
   42 00000000         ; Allocate space for the stack.
   43 00000000         ;
   44 00000000         ;*******************************************************
                       ***********************
   45 00000000                 AREA             STACK, NOINIT, READWRITE, ALIGN
=3
   46 00000000         StackMem
   47 00000000                 SPACE            Stack
   48 00000200         __initial_sp
   49 00000200         
   50 00000200         ;*******************************************************
                       ***********************
   51 00000200         ;
   52 00000200         ; Allocate space for the heap.
   53 00000200         ;
   54 00000200         ;*******************************************************
                       ***********************
   55 00000200                 AREA             HEAP, NOINIT, READWRITE, ALIGN=
3
   56 00000000         __heap_base
   57 00000000         HeapMem
   58 00000000                 SPACE            Heap
   59 00000000         __heap_limit
   60 00000000         
   61 00000000         ;*******************************************************
                       ***********************
   62 00000000         ;
   63 00000000         ; Indicate that the code in this file preserves 8-byte a
                       lignment of the stack.
   64 00000000         ;
   65 00000000         ;*******************************************************
                       ***********************
   66 00000000                 PRESERVE8
   67 00000000         
   68 00000000         ;*******************************************************
                       ***********************
   69 00000000         ;
   70 00000000         ; Place code into the reset code section.
   71 00000000         ;
   72 00000000         ;*******************************************************
                       ***********************
   73 00000000                 AREA             RESET, CODE, READONLY
   74 00000000                 THUMB
   75 00000000         
   76 00000000         
   77 00000000         ;*******************************************************
                       ***********************
   78 00000000         ;
   79 00000000         ; External declarations for the interrupt handlers used 
                       by the application.
   80 00000000         ;
   81 00000000         ;*******************************************************
                       ***********************
   82 00000000                 EXTERN           HardFault_Handler
   83 00000000                 EXTERN           PendSV_Handler
   84 00000000                 EXTERN           SysTick_Handler



ARM Macro Assembler    Page 3 


   85 00000000         
   86 00000000         ;*******************************************************
                       ***********************
   87 00000000         ;
   88 00000000         ; The vector table.
   89 00000000         ;
   90 00000000         ;*******************************************************
                       ***********************
   91 00000000                 EXPORT           __Vectors
   92 00000000         __Vectors
   93 00000000 00000200        DCD              StackMem + Stack ; Top of Stack
                                                            
   94 00000004 00000000        DCD              Reset_Handler ; Reset Handler
   95 00000008 00000000        DCD              NmiSR       ; NMI Handler
   96 0000000C 00000000        DCD              HardFault_Handler ; Hard Fault 
                                                            Handler
   97 00000010 00000000        DCD              IntDefaultHandler ; The MPU fau
                                                            lt handler
   98 00000014 00000000        DCD              IntDefaultHandler ; The bus fau
                                                            lt handler
   99 00000018 00000000        DCD              IntDefaultHandler ; The usage f
                                                            ault handler
  100 0000001C 00000000        DCD              0           ; Reserved
  101 00000020 00000000        DCD              0           ; Reserved
  102 00000024 00000000        DCD              0           ; Reserved
  103 00000028 00000000        DCD              0           ; Reserved
  104 0000002C 00000000        DCD              IntDefaultHandler 
                                                            ; SVCall handler
  105 00000030 00000000        DCD              IntDefaultHandler ; Debug monit
                                                            or handler
  106 00000034 00000000        DCD              0           ; Reserved
  107 00000038 00000000        DCD              PendSV_Handler ; The PendSV han
                                                            dler
  108 0000003C 00000000        DCD              SysTick_Handler ; The SysTick h
                                                            andler
  109 00000040 00000000        DCD              IntDefaultHandler ; GPIO Port A
                                                            
  110 00000044 00000000        DCD              IntDefaultHandler ; GPIO Port B
                                                            
  111 00000048 00000000        DCD              IntDefaultHandler ; GPIO Port C
                                                            
  112 0000004C 00000000        DCD              IntDefaultHandler ; GPIO Port D
                                                            
  113 00000050 00000000        DCD              IntDefaultHandler ; GPIO Port E
                                                            
  114 00000054 00000000        DCD              UART0IntHandler 
                                                            ; UART0 Rx and Tx
  115 00000058 00000000        DCD              UART1IntHandler 
                                                            ; UART1 Rx and Tx
  116 0000005C 00000000        DCD              IntDefaultHandler 
                                                            ; SSI0 Rx and Tx
  117 00000060 00000000        DCD              IntDefaultHandler ; I2C0 Master
                                                             and Slave
  118 00000064 00000000        DCD              IntDefaultHandler ; PWM Fault
  119 00000068 00000000        DCD              IntDefaultHandler 
                                                            ; PWM Generator 0
  120 0000006C 00000000        DCD              IntDefaultHandler 
                                                            ; PWM Generator 1
  121 00000070 00000000        DCD              IntDefaultHandler 



ARM Macro Assembler    Page 4 


                                                            ; PWM Generator 2
  122 00000074 00000000        DCD              IntDefaultHandler ; Quadrature 
                                                            Encoder 0
  123 00000078 00000000        DCD              IntDefaultHandler 
                                                            ; ADC Sequence 0
  124 0000007C 00000000        DCD              IntDefaultHandler 
                                                            ; ADC Sequence 1
  125 00000080 00000000        DCD              IntDefaultHandler 
                                                            ; ADC Sequence 2
  126 00000084 00000000        DCD              IntDefaultHandler 
                                                            ; ADC Sequence 3
  127 00000088 00000000        DCD              IntDefaultHandler 
                                                            ; Watchdog timer
  128 0000008C 00000000        DCD              IntDefaultHandler ; Timer 0 sub
                                                            timer A
  129 00000090 00000000        DCD              IntDefaultHandler ; Timer 0 sub
                                                            timer B
  130 00000094 00000000        DCD              IntDefaultHandler ; Timer 1 sub
                                                            timer A
  131 00000098 00000000        DCD              IntDefaultHandler ; Timer 1 sub
                                                            timer B
  132 0000009C 00000000        DCD              IntDefaultHandler ; Timer 2 sub
                                                            timer A
  133 000000A0 00000000        DCD              IntDefaultHandler ; Timer 2 sub
                                                            timer B
  134 000000A4 00000000        DCD              IntDefaultHandler ; Analog Comp
                                                            arator 0
  135 000000A8 00000000        DCD              IntDefaultHandler ; Analog Comp
                                                            arator 1
  136 000000AC 00000000        DCD              IntDefaultHandler ; Analog Comp
                                                            arator 2
  137 000000B0 00000000        DCD              IntDefaultHandler ; System Cont
                                                            rol (PLL, OSC, BO)
  138 000000B4 00000000        DCD              IntDefaultHandler 
                                                            ; FLASH Control
  139 000000B8 00000000        DCD              IntDefaultHandler ; GPIO Port F
                                                            
  140 000000BC 00000000        DCD              IntDefaultHandler ; GPIO Port G
                                                            
  141 000000C0 00000000        DCD              IntDefaultHandler ; GPIO Port H
                                                            
  142 000000C4 00000000        DCD              IntDefaultHandler 
                                                            ; UART2 Rx and Tx
  143 000000C8 00000000        DCD              IntDefaultHandler 
                                                            ; SSI1 Rx and Tx
  144 000000CC 00000000        DCD              IntDefaultHandler ; Timer 3 sub
                                                            timer A
  145 000000D0 00000000        DCD              IntDefaultHandler ; Timer 3 sub
                                                            timer B
  146 000000D4 00000000        DCD              IntDefaultHandler ; I2C1 Master
                                                             and Slave
  147 000000D8 00000000        DCD              IntDefaultHandler ; Quadrature 
                                                            Encoder 1
  148 000000DC 00000000        DCD              IntDefaultHandler ; CAN0
  149 000000E0 00000000        DCD              IntDefaultHandler ; CAN1
  150 000000E4 00000000        DCD              0           ; Reserved
  151 000000E8 00000000        DCD              0           ; Reserved
  152 000000EC 00000000        DCD              IntDefaultHandler ; Hibernate
  153 000000F0 00000000        DCD              IntDefaultHandler ; USB0



ARM Macro Assembler    Page 5 


  154 000000F4 00000000        DCD              IntDefaultHandler 
                                                            ; PWM Generator 3
  155 000000F8 00000000        DCD              IntDefaultHandler ; uDMA Softwa
                                                            re Transfer
  156 000000FC 00000000        DCD              IntDefaultHandler ; uDMA Error
  157 00000100 00000000        DCD              IntDefaultHandler 
                                                            ; ADC1 Sequence 0
  158 00000104 00000000        DCD              IntDefaultHandler 
                                                            ; ADC1 Sequence 1
  159 00000108 00000000        DCD              IntDefaultHandler 
                                                            ; ADC1 Sequence 2
  160 0000010C 00000000        DCD              IntDefaultHandler 
                                                            ; ADC1 Sequence 3
  161 00000110 00000000        DCD              0           ; Reserved
  162 00000114 00000000        DCD              0           ; Reserved
  163 00000118 00000000        DCD              IntDefaultHandler ; GPIO Port J
                                                            
  164 0000011C 00000000        DCD              IntDefaultHandler ; GPIO Port K
                                                            
  165 00000120 00000000        DCD              IntDefaultHandler ; GPIO Port L
                                                            
  166 00000124 00000000        DCD              IntDefaultHandler 
                                                            ; SSI2 Rx and Tx
  167 00000128 00000000        DCD              IntDefaultHandler 
                                                            ; SSI3 Rx and Tx
  168 0000012C 00000000        DCD              IntDefaultHandler 
                                                            ; UART3 Rx and Tx
  169 00000130 00000000        DCD              IntDefaultHandler 
                                                            ; UART4 Rx and Tx
  170 00000134 00000000        DCD              IntDefaultHandler 
                                                            ; UART5 Rx and Tx
  171 00000138 00000000        DCD              IntDefaultHandler 
                                                            ; UART6 Rx and Tx
  172 0000013C 00000000        DCD              IntDefaultHandler 
                                                            ; UART7 Rx and Tx
  173 00000140 00000000        DCD              0           ; Reserved
  174 00000144 00000000        DCD              0           ; Reserved
  175 00000148 00000000        DCD              0           ; Reserved
  176 0000014C 00000000        DCD              0           ; Reserved
  177 00000150 00000000        DCD              IntDefaultHandler ; I2C2 Master
                                                             and Slave
  178 00000154 00000000        DCD              IntDefaultHandler ; I2C3 Master
                                                             and Slave
  179 00000158 00000000        DCD              IntDefaultHandler ; Timer 4 sub
                                                            timer A
  180 0000015C 00000000        DCD              IntDefaultHandler ; Timer 4 sub
                                                            timer B
  181 00000160 00000000        DCD              0           ; Reserved
  182 00000164 00000000        DCD              0           ; Reserved
  183 00000168 00000000        DCD              0           ; Reserved
  184 0000016C 00000000        DCD              0           ; Reserved
  185 00000170 00000000        DCD              0           ; Reserved
  186 00000174 00000000        DCD              0           ; Reserved
  187 00000178 00000000        DCD              0           ; Reserved
  188 0000017C 00000000        DCD              0           ; Reserved
  189 00000180 00000000        DCD              0           ; Reserved
  190 00000184 00000000        DCD              0           ; Reserved
  191 00000188 00000000        DCD              0           ; Reserved
  192 0000018C 00000000        DCD              0           ; Reserved



ARM Macro Assembler    Page 6 


  193 00000190 00000000        DCD              0           ; Reserved
  194 00000194 00000000        DCD              0           ; Reserved
  195 00000198 00000000        DCD              0           ; Reserved
  196 0000019C 00000000        DCD              0           ; Reserved
  197 000001A0 00000000        DCD              0           ; Reserved
  198 000001A4 00000000        DCD              0           ; Reserved
  199 000001A8 00000000        DCD              0           ; Reserved
  200 000001AC 00000000        DCD              0           ; Reserved
  201 000001B0 00000000        DCD              IntDefaultHandler ; Timer 5 sub
                                                            timer A
  202 000001B4 00000000        DCD              IntDefaultHandler ; Timer 5 sub
                                                            timer B
  203 000001B8 00000000        DCD              IntDefaultHandler ; Wide Timer 
                                                            0 subtimer A
  204 000001BC 00000000        DCD              IntDefaultHandler ; Wide Timer 
                                                            0 subtimer B
  205 000001C0 00000000        DCD              IntDefaultHandler ; Wide Timer 
                                                            1 subtimer A
  206 000001C4 00000000        DCD              IntDefaultHandler ; Wide Timer 
                                                            1 subtimer B
  207 000001C8 00000000        DCD              IntDefaultHandler ; Wide Timer 
                                                            2 subtimer A
  208 000001CC 00000000        DCD              IntDefaultHandler ; Wide Timer 
                                                            2 subtimer B
  209 000001D0 00000000        DCD              IntDefaultHandler ; Wide Timer 
                                                            3 subtimer A
  210 000001D4 00000000        DCD              IntDefaultHandler ; Wide Timer 
                                                            3 subtimer B
  211 000001D8 00000000        DCD              IntDefaultHandler ; Wide Timer 
                                                            4 subtimer A
  212 000001DC 00000000        DCD              IntDefaultHandler ; Wide Timer 
                                                            4 subtimer B
  213 000001E0 00000000        DCD              IntDefaultHandler ; Wide Timer 
                                                            5 subtimer A
  214 000001E4 00000000        DCD              IntDefaultHandler ; Wide Timer 
                                                            5 subtimer B
  215 000001E8 00000000        DCD              IntDefaultHandler ; FPU
  216 000001EC 00000000        DCD              0           ; Reserved
  217 000001F0 00000000        DCD              0           ; Reserved
  218 000001F4 00000000        DCD              IntDefaultHandler ; I2C4 Master
                                                             and Slave
  219 000001F8 00000000        DCD              IntDefaultHandler ; I2C5 Master
                                                             and Slave
  220 000001FC 00000000        DCD              IntDefaultHandler ; GPIO Port M
                                                            
  221 00000200 00000000        DCD              IntDefaultHandler ; GPIO Port N
                                                            
  222 00000204 00000000        DCD              IntDefaultHandler ; Quadrature 
                                                            Encoder 2
  223 00000208 00000000        DCD              0           ; Reserved
  224 0000020C 00000000        DCD              0           ; Reserved
  225 00000210 00000000        DCD              IntDefaultHandler ; GPIO Port P
                                                             (Summary or P0)
  226 00000214 00000000        DCD              IntDefaultHandler 
                                                            ; GPIO Port P1
  227 00000218 00000000        DCD              IntDefaultHandler 
                                                            ; GPIO Port P2
  228 0000021C 00000000        DCD              IntDefaultHandler 
                                                            ; GPIO Port P3



ARM Macro Assembler    Page 7 


  229 00000220 00000000        DCD              IntDefaultHandler 
                                                            ; GPIO Port P4
  230 00000224 00000000        DCD              IntDefaultHandler 
                                                            ; GPIO Port P5
  231 00000228 00000000        DCD              IntDefaultHandler 
                                                            ; GPIO Port P6
  232 0000022C 00000000        DCD              IntDefaultHandler 
                                                            ; GPIO Port P7
  233 00000230 00000000        DCD              IntDefaultHandler ; GPIO Port Q
                                                             (Summary or Q0)
  234 00000234 00000000        DCD              IntDefaultHandler 
                                                            ; GPIO Port Q1
  235 00000238 00000000        DCD              IntDefaultHandler 
                                                            ; GPIO Port Q2
  236 0000023C 00000000        DCD              IntDefaultHandler 
                                                            ; GPIO Port Q3
  237 00000240 00000000        DCD              IntDefaultHandler 
                                                            ; GPIO Port Q4
  238 00000244 00000000        DCD              IntDefaultHandler 
                                                            ; GPIO Port Q5
  239 00000248 00000000        DCD              IntDefaultHandler 
                                                            ; GPIO Port Q6
  240 0000024C 00000000        DCD              IntDefaultHandler 
                                                            ; GPIO Port Q7
  241 00000250 00000000        DCD              IntDefaultHandler ; GPIO Port R
                                                            
  242 00000254 00000000        DCD              IntDefaultHandler ; GPIO Port S
                                                            
  243 00000258 00000000        DCD              IntDefaultHandler 
                                                            ; PWM 1 Generator 0
                                                            
  244 0000025C 00000000        DCD              IntDefaultHandler 
                                                            ; PWM 1 Generator 1
                                                            
  245 00000260 00000000        DCD              IntDefaultHandler 
                                                            ; PWM 1 Generator 2
                                                            
  246 00000264 00000000        DCD              IntDefaultHandler 
                                                            ; PWM 1 Generator 3
                                                            
  247 00000268 00000000        DCD              IntDefaultHandler ; PWM 1 Fault
                                                            
  248 0000026C         
  249 0000026C         ;*******************************************************
                       ***********************
  250 0000026C         ;
  251 0000026C         ; This is the code that gets called when the processor f
                       irst starts execution
  252 0000026C         ; following a reset event.
  253 0000026C         ;
  254 0000026C         ;*******************************************************
                       ***********************
  255 0000026C                 EXPORT           Reset_Handler
  256 0000026C         Reset_Handler
  257 0000026C         ;
  258 0000026C         ; Enable the floating-point unit.  This must be done her
                       e to handle the
  259 0000026C         ; case where main() uses floating-point and the function
                        prologue saves



ARM Macro Assembler    Page 8 


  260 0000026C         ; floating-point registers (which will fault if floating
                       -point is not
  261 0000026C         ; enabled).  Any configuration of the floating-point uni
                       t using
  262 0000026C         ; DriverLib APIs must be done here prior to the floating
                       -point unit
  263 0000026C         ; being enabled.
  264 0000026C         ;
  265 0000026C         ; Note that this does not use DriverLib since it might n
                       ot be included
  266 0000026C         ; in this project.
  267 0000026C         ;
  268 0000026C F64E 5088       MOVW             R0, #0xED88
  269 00000270 F2CE 0000       MOVT             R0, #0xE000
  270 00000274 6801            LDR              R1, [R0]
  271 00000276 F441 0170       ORR              R1, #0x00F00000
  272 0000027A 6001            STR              R1, [R0]
  273 0000027C         
  274 0000027C         ;
  275 0000027C         ; Call the C library enty point that handles startup.  T
                       his will copy
  276 0000027C         ; the .data section initializers from flash to SRAM and 
                       zero fill the
  277 0000027C         ; .bss section.
  278 0000027C         ;
  279 0000027C                 IMPORT           __main
  280 0000027C F7FF BFFE       B                __main
  281 00000280         
  282 00000280         ;*******************************************************
                       ***********************
  283 00000280         ;
  284 00000280         ; This is the code that gets called when the processor r
                       eceives a NMI.  This
  285 00000280         ; simply enters an infinite loop, preserving the system 
                       state for examination
  286 00000280         ; by a debugger.
  287 00000280         ;
  288 00000280         ;*******************************************************
                       ***********************
  289 00000280         NmiSR
  290 00000280 E7FE            B                NmiSR
  291 00000282         
  292 00000282         ;*******************************************************
                       ***********************
  293 00000282         ;
  294 00000282         ; This is the code that gets called when the processor r
                       eceives a fault
  295 00000282         ; interrupt.  This simply enters an infinite loop, prese
                       rving the system state
  296 00000282         ; for examination by a debugger.
  297 00000282         ;
  298 00000282         ;*******************************************************
                       ***********************
  299 00000282         FaultISR
  300 00000282 E7FE            B                FaultISR
  301 00000284         
  302 00000284         ;*******************************************************
                       ***********************
  303 00000284         ;



ARM Macro Assembler    Page 9 


  304 00000284         ; This is the code that gets called when the processor r
                       eceives an unexpected
  305 00000284         ; interrupt.  This simply enters an infinite loop, prese
                       rving the system state
  306 00000284         ; for examination by a debugger.
  307 00000284         ;
  308 00000284         ;*******************************************************
                       ***********************
  309 00000284         IntDefaultHandler
  310 00000284 E7FE            B                IntDefaultHandler
  311 00000286         
  312 00000286         
  313 00000286         Default_Handler
                               PROC
  314 00000286         
  315 00000286                 EXPORT           UART0IntHandler            [WEA
K]
  316 00000286                 EXPORT           UART1IntHandler            [WEA
K]
  317 00000286         
  318 00000286         UART0IntHandler                      ; UART0 Rx and Tx
  319 00000286         UART1IntHandler                      ; UART1 Rx and Tx
  320 00000286 E7FE            B                Default_Handler
  321 00000288                 ENDP
  322 00000288         
  323 00000288         
  324 00000288         ;*******************************************************
                       ***********************
  325 00000288         ;
  326 00000288         ; Make sure the end of this section is aligned.
  327 00000288         ;
  328 00000288         ;*******************************************************
                       ***********************
  329 00000288                 ALIGN
  330 00000288         
  331 00000288         ;*******************************************************
                       ***********************
  332 00000288         ;
  333 00000288         ; Some code in the normal code section for initializing 
                       the heap and stack.
  334 00000288         ;
  335 00000288         ;*******************************************************
                       ***********************
  336 00000288                 AREA             |.text|, CODE, READONLY
  337 00000000         
  338 00000000         ;*******************************************************
                       ***********************
  339 00000000         ;
  340 00000000         ; The function expected of the C library startup code fo
                       r defining the stack
  341 00000000         ; and heap memory locations.  For the C library version 
                       of the startup code,
  342 00000000         ; provide this function so that the C library initializa
                       tion code can find out
  343 00000000         ; the location of the stack and heap.
  344 00000000         ;
  345 00000000         ;*******************************************************
                       ***********************
  346 00000000                 IF               :DEF: __MICROLIB



ARM Macro Assembler    Page 10 


  351 00000000                 IMPORT           __use_two_region_memory
  352 00000000                 EXPORT           __user_initial_stackheap
  353 00000000         __user_initial_stackheap
  354 00000000 4802            LDR              R0, =HeapMem
  355 00000002 4903            LDR              R1, =(StackMem + Stack)
  356 00000004 4A01            LDR              R2, =(HeapMem + Heap)
  357 00000006 4B03            LDR              R3, =StackMem
  358 00000008 4770            BX               LR
  359 0000000A                 ENDIF
  360 0000000A         
  361 0000000A         ;*******************************************************
                       ***********************
  362 0000000A         ;
  363 0000000A         ; Make sure the end of this section is aligned.
  364 0000000A         ;
  365 0000000A         ;*******************************************************
                       ***********************
  366 0000000A 00 00           ALIGN
  367 0000000C         
  368 0000000C         ;*******************************************************
                       ***********************
  369 0000000C         ;
  370 0000000C         ; Tell the assembler that we're done.
  371 0000000C         ;
  372 0000000C         ;*******************************************************
                       ***********************
  373 0000000C                 END
              00000000 
              00000200 
              00000000 
Command Line: --debug --xref --diag_suppress=9931 --cpu=Cortex-M4.fp --apcs=int
erwork --depend=.\build\keil\obj\startup_rvmdk.d -o.\build\keil\obj\startup_rvm
dk.o -IE:\00MyWorkSpace\tm4c123_rtos\tm4c123bsp\RTE -IC:\Keil_v5\ARM\PACK\Keil\
TM4C_DFP\1.1.0\Device\Include\TM4C123 -IC:\Keil_v5\ARM\CMSIS\Include --predefin
e="__UVISION_VERSION SETA 516" --predefine="TM4C123GH6PM SETA 1" --list=.\build
\keil\list\startup_rvmdk.lst libraries\TivaWare_C_series\tm4c123_driverlib\star
tup\arm\startup_rvmdk.S



ARM Macro Assembler    Page 1 Alphabetic symbol ordering
Relocatable symbols

STACK 00000000

Symbol: STACK
   Definitions
      At line 45 in file libraries\TivaWare_C_series\tm4c123_driverlib\startup\
arm\startup_rvmdk.S
   Uses
      None
Comment: STACK unused
StackMem 00000000

Symbol: StackMem
   Definitions
      At line 46 in file libraries\TivaWare_C_series\tm4c123_driverlib\startup\
arm\startup_rvmdk.S
   Uses
      At line 93 in file libraries\TivaWare_C_series\tm4c123_driverlib\startup\
arm\startup_rvmdk.S
      At line 355 in file libraries\TivaWare_C_series\tm4c123_driverlib\startup
\arm\startup_rvmdk.S
      At line 357 in file libraries\TivaWare_C_series\tm4c123_driverlib\startup
\arm\startup_rvmdk.S

__initial_sp 00000200

Symbol: __initial_sp
   Definitions
      At line 48 in file libraries\TivaWare_C_series\tm4c123_driverlib\startup\
arm\startup_rvmdk.S
   Uses
      None
Comment: __initial_sp unused
3 symbols



ARM Macro Assembler    Page 1 Alphabetic symbol ordering
Relocatable symbols

HEAP 00000000

Symbol: HEAP
   Definitions
      At line 55 in file libraries\TivaWare_C_series\tm4c123_driverlib\startup\
arm\startup_rvmdk.S
   Uses
      None
Comment: HEAP unused
HeapMem 00000000

Symbol: HeapMem
   Definitions
      At line 57 in file libraries\TivaWare_C_series\tm4c123_driverlib\startup\
arm\startup_rvmdk.S
   Uses
      At line 354 in file libraries\TivaWare_C_series\tm4c123_driverlib\startup
\arm\startup_rvmdk.S
      At line 356 in file libraries\TivaWare_C_series\tm4c123_driverlib\startup
\arm\startup_rvmdk.S

__heap_base 00000000

Symbol: __heap_base
   Definitions
      At line 56 in file libraries\TivaWare_C_series\tm4c123_driverlib\startup\
arm\startup_rvmdk.S
   Uses
      None
Comment: __heap_base unused
__heap_limit 00000000

Symbol: __heap_limit
   Definitions
      At line 59 in file libraries\TivaWare_C_series\tm4c123_driverlib\startup\
arm\startup_rvmdk.S
   Uses
      None
Comment: __heap_limit unused
4 symbols



ARM Macro Assembler    Page 1 Alphabetic symbol ordering
Relocatable symbols

Default_Handler 00000286

Symbol: Default_Handler
   Definitions
      At line 313 in file libraries\TivaWare_C_series\tm4c123_driverlib\startup
\arm\startup_rvmdk.S
   Uses
      At line 320 in file libraries\TivaWare_C_series\tm4c123_driverlib\startup
\arm\startup_rvmdk.S
Comment: Default_Handler used once
FaultISR 00000282

Symbol: FaultISR
   Definitions
      At line 299 in file libraries\TivaWare_C_series\tm4c123_driverlib\startup
\arm\startup_rvmdk.S
   Uses
      At line 300 in file libraries\TivaWare_C_series\tm4c123_driverlib\startup
\arm\startup_rvmdk.S
Comment: FaultISR used once
IntDefaultHandler 00000284

Symbol: IntDefaultHandler
   Definitions
      At line 309 in file libraries\TivaWare_C_series\tm4c123_driverlib\startup
\arm\startup_rvmdk.S
   Uses
      At line 97 in file libraries\TivaWare_C_series\tm4c123_driverlib\startup\
arm\startup_rvmdk.S
      At line 98 in file libraries\TivaWare_C_series\tm4c123_driverlib\startup\
arm\startup_rvmdk.S
      At line 99 in file libraries\TivaWare_C_series\tm4c123_driverlib\startup\
arm\startup_rvmdk.S
      At line 104 in file libraries\TivaWare_C_series\tm4c123_driverlib\startup
\arm\startup_rvmdk.S
      At line 105 in file libraries\TivaWare_C_series\tm4c123_driverlib\startup
\arm\startup_rvmdk.S
      At line 109 in file libraries\TivaWare_C_series\tm4c123_driverlib\startup
\arm\startup_rvmdk.S
      At line 110 in file libraries\TivaWare_C_series\tm4c123_driverlib\startup
\arm\startup_rvmdk.S
      At line 111 in file libraries\TivaWare_C_series\tm4c123_driverlib\startup
\arm\startup_rvmdk.S
      At line 112 in file libraries\TivaWare_C_series\tm4c123_driverlib\startup
\arm\startup_rvmdk.S
      At line 113 in file libraries\TivaWare_C_series\tm4c123_driverlib\startup
\arm\startup_rvmdk.S
      At line 116 in file libraries\TivaWare_C_series\tm4c123_driverlib\startup
\arm\startup_rvmdk.S
      At line 117 in file libraries\TivaWare_C_series\tm4c123_driverlib\startup
\arm\startup_rvmdk.S
      At line 118 in file libraries\TivaWare_C_series\tm4c123_driverlib\startup
\arm\startup_rvmdk.S
      At line 119 in file libraries\TivaWare_C_series\tm4c123_driverlib\startup
\arm\startup_rvmdk.S
      At line 120 in file libraries\TivaWare_C_series\tm4c123_driverlib\startup
\arm\startup_rvmdk.S
      At line 121 in file libraries\TivaWare_C_series\tm4c123_driverlib\startup
\arm\startup_rvmdk.S



ARM Macro Assembler    Page 2 Alphabetic symbol ordering
Relocatable symbols

      At line 122 in file libraries\TivaWare_C_series\tm4c123_driverlib\startup
\arm\startup_rvmdk.S
      At line 123 in file libraries\TivaWare_C_series\tm4c123_driverlib\startup
\arm\startup_rvmdk.S
      At line 124 in file libraries\TivaWare_C_series\tm4c123_driverlib\startup
\arm\startup_rvmdk.S
      At line 125 in file libraries\TivaWare_C_series\tm4c123_driverlib\startup
\arm\startup_rvmdk.S
      At line 126 in file libraries\TivaWare_C_series\tm4c123_driverlib\startup
\arm\startup_rvmdk.S
      At line 127 in file libraries\TivaWare_C_series\tm4c123_driverlib\startup
\arm\startup_rvmdk.S
      At line 128 in file libraries\TivaWare_C_series\tm4c123_driverlib\startup
\arm\startup_rvmdk.S
      At line 129 in file libraries\TivaWare_C_series\tm4c123_driverlib\startup
\arm\startup_rvmdk.S
      At line 130 in file libraries\TivaWare_C_series\tm4c123_driverlib\startup
\arm\startup_rvmdk.S
      At line 131 in file libraries\TivaWare_C_series\tm4c123_driverlib\startup
\arm\startup_rvmdk.S
      At line 132 in file libraries\TivaWare_C_series\tm4c123_driverlib\startup
\arm\startup_rvmdk.S
      At line 133 in file libraries\TivaWare_C_series\tm4c123_driverlib\startup
\arm\startup_rvmdk.S
      At line 134 in file libraries\TivaWare_C_series\tm4c123_driverlib\startup
\arm\startup_rvmdk.S
      At line 135 in file libraries\TivaWare_C_series\tm4c123_driverlib\startup
\arm\startup_rvmdk.S
      At line 136 in file libraries\TivaWare_C_series\tm4c123_driverlib\startup
\arm\startup_rvmdk.S
      At line 137 in file libraries\TivaWare_C_series\tm4c123_driverlib\startup
\arm\startup_rvmdk.S
      At line 138 in file libraries\TivaWare_C_series\tm4c123_driverlib\startup
\arm\startup_rvmdk.S
      At line 139 in file libraries\TivaWare_C_series\tm4c123_driverlib\startup
\arm\startup_rvmdk.S
      At line 140 in file libraries\TivaWare_C_series\tm4c123_driverlib\startup
\arm\startup_rvmdk.S
      At line 141 in file libraries\TivaWare_C_series\tm4c123_driverlib\startup
\arm\startup_rvmdk.S
      At line 142 in file libraries\TivaWare_C_series\tm4c123_driverlib\startup
\arm\startup_rvmdk.S
      At line 143 in file libraries\TivaWare_C_series\tm4c123_driverlib\startup
\arm\startup_rvmdk.S
      At line 144 in file libraries\TivaWare_C_series\tm4c123_driverlib\startup
\arm\startup_rvmdk.S
      At line 145 in file libraries\TivaWare_C_series\tm4c123_driverlib\startup
\arm\startup_rvmdk.S
      At line 146 in file libraries\TivaWare_C_series\tm4c123_driverlib\startup
\arm\startup_rvmdk.S
      At line 147 in file libraries\TivaWare_C_series\tm4c123_driverlib\startup
\arm\startup_rvmdk.S
      At line 148 in file libraries\TivaWare_C_series\tm4c123_driverlib\startup
\arm\startup_rvmdk.S
      At line 149 in file libraries\TivaWare_C_series\tm4c123_driverlib\startup
\arm\startup_rvmdk.S
      At line 152 in file libraries\TivaWare_C_series\tm4c123_driverlib\startup
\arm\startup_rvmdk.S
      At line 153 in file libraries\TivaWare_C_series\tm4c123_driverlib\startup



ARM Macro Assembler    Page 3 Alphabetic symbol ordering
Relocatable symbols

\arm\startup_rvmdk.S
      At line 154 in file libraries\TivaWare_C_series\tm4c123_driverlib\startup
\arm\startup_rvmdk.S
      At line 155 in file libraries\TivaWare_C_series\tm4c123_driverlib\startup
\arm\startup_rvmdk.S
      At line 156 in file libraries\TivaWare_C_series\tm4c123_driverlib\startup
\arm\startup_rvmdk.S
      At line 157 in file libraries\TivaWare_C_series\tm4c123_driverlib\startup
\arm\startup_rvmdk.S
      At line 158 in file libraries\TivaWare_C_series\tm4c123_driverlib\startup
\arm\startup_rvmdk.S
      At line 159 in file libraries\TivaWare_C_series\tm4c123_driverlib\startup
\arm\startup_rvmdk.S
      At line 160 in file libraries\TivaWare_C_series\tm4c123_driverlib\startup
\arm\startup_rvmdk.S
      At line 163 in file libraries\TivaWare_C_series\tm4c123_driverlib\startup
\arm\startup_rvmdk.S
      At line 164 in file libraries\TivaWare_C_series\tm4c123_driverlib\startup
\arm\startup_rvmdk.S
      At line 165 in file libraries\TivaWare_C_series\tm4c123_driverlib\startup
\arm\startup_rvmdk.S
      At line 166 in file libraries\TivaWare_C_series\tm4c123_driverlib\startup
\arm\startup_rvmdk.S
      At line 167 in file libraries\TivaWare_C_series\tm4c123_driverlib\startup
\arm\startup_rvmdk.S
      At line 168 in file libraries\TivaWare_C_series\tm4c123_driverlib\startup
\arm\startup_rvmdk.S
      At line 169 in file libraries\TivaWare_C_series\tm4c123_driverlib\startup
\arm\startup_rvmdk.S
      At line 170 in file libraries\TivaWare_C_series\tm4c123_driverlib\startup
\arm\startup_rvmdk.S
      At line 171 in file libraries\TivaWare_C_series\tm4c123_driverlib\startup
\arm\startup_rvmdk.S
      At line 172 in file libraries\TivaWare_C_series\tm4c123_driverlib\startup
\arm\startup_rvmdk.S
      At line 177 in file libraries\TivaWare_C_series\tm4c123_driverlib\startup
\arm\startup_rvmdk.S
      At line 178 in file libraries\TivaWare_C_series\tm4c123_driverlib\startup
\arm\startup_rvmdk.S
      At line 179 in file libraries\TivaWare_C_series\tm4c123_driverlib\startup
\arm\startup_rvmdk.S
      At line 180 in file libraries\TivaWare_C_series\tm4c123_driverlib\startup
\arm\startup_rvmdk.S
      At line 201 in file libraries\TivaWare_C_series\tm4c123_driverlib\startup
\arm\startup_rvmdk.S
      At line 202 in file libraries\TivaWare_C_series\tm4c123_driverlib\startup
\arm\startup_rvmdk.S
      At line 203 in file libraries\TivaWare_C_series\tm4c123_driverlib\startup
\arm\startup_rvmdk.S
      At line 204 in file libraries\TivaWare_C_series\tm4c123_driverlib\startup
\arm\startup_rvmdk.S
      At line 205 in file libraries\TivaWare_C_series\tm4c123_driverlib\startup
\arm\startup_rvmdk.S
      At line 206 in file libraries\TivaWare_C_series\tm4c123_driverlib\startup
\arm\startup_rvmdk.S
      At line 207 in file libraries\TivaWare_C_series\tm4c123_driverlib\startup
\arm\startup_rvmdk.S
      At line 208 in file libraries\TivaWare_C_series\tm4c123_driverlib\startup
\arm\startup_rvmdk.S



ARM Macro Assembler    Page 4 Alphabetic symbol ordering
Relocatable symbols

      At line 209 in file libraries\TivaWare_C_series\tm4c123_driverlib\startup
\arm\startup_rvmdk.S
      At line 210 in file libraries\TivaWare_C_series\tm4c123_driverlib\startup
\arm\startup_rvmdk.S
      At line 211 in file libraries\TivaWare_C_series\tm4c123_driverlib\startup
\arm\startup_rvmdk.S
      At line 212 in file libraries\TivaWare_C_series\tm4c123_driverlib\startup
\arm\startup_rvmdk.S
      At line 213 in file libraries\TivaWare_C_series\tm4c123_driverlib\startup
\arm\startup_rvmdk.S
      At line 214 in file libraries\TivaWare_C_series\tm4c123_driverlib\startup
\arm\startup_rvmdk.S
      At line 215 in file libraries\TivaWare_C_series\tm4c123_driverlib\startup
\arm\startup_rvmdk.S
      At line 218 in file libraries\TivaWare_C_series\tm4c123_driverlib\startup
\arm\startup_rvmdk.S
      At line 219 in file libraries\TivaWare_C_series\tm4c123_driverlib\startup
\arm\startup_rvmdk.S
      At line 220 in file libraries\TivaWare_C_series\tm4c123_driverlib\startup
\arm\startup_rvmdk.S
      At line 221 in file libraries\TivaWare_C_series\tm4c123_driverlib\startup
\arm\startup_rvmdk.S
      At line 222 in file libraries\TivaWare_C_series\tm4c123_driverlib\startup
\arm\startup_rvmdk.S
      At line 225 in file libraries\TivaWare_C_series\tm4c123_driverlib\startup
\arm\startup_rvmdk.S
      At line 226 in file libraries\TivaWare_C_series\tm4c123_driverlib\startup
\arm\startup_rvmdk.S
      At line 227 in file libraries\TivaWare_C_series\tm4c123_driverlib\startup
\arm\startup_rvmdk.S
      At line 228 in file libraries\TivaWare_C_series\tm4c123_driverlib\startup
\arm\startup_rvmdk.S
      At line 229 in file libraries\TivaWare_C_series\tm4c123_driverlib\startup
\arm\startup_rvmdk.S
      At line 230 in file libraries\TivaWare_C_series\tm4c123_driverlib\startup
\arm\startup_rvmdk.S
      At line 231 in file libraries\TivaWare_C_series\tm4c123_driverlib\startup
\arm\startup_rvmdk.S
      At line 232 in file libraries\TivaWare_C_series\tm4c123_driverlib\startup
\arm\startup_rvmdk.S
      At line 233 in file libraries\TivaWare_C_series\tm4c123_driverlib\startup
\arm\startup_rvmdk.S
      At line 234 in file libraries\TivaWare_C_series\tm4c123_driverlib\startup
\arm\startup_rvmdk.S
      At line 235 in file libraries\TivaWare_C_series\tm4c123_driverlib\startup
\arm\startup_rvmdk.S
      At line 236 in file libraries\TivaWare_C_series\tm4c123_driverlib\startup
\arm\startup_rvmdk.S
      At line 237 in file libraries\TivaWare_C_series\tm4c123_driverlib\startup
\arm\startup_rvmdk.S
      At line 238 in file libraries\TivaWare_C_series\tm4c123_driverlib\startup
\arm\startup_rvmdk.S
      At line 239 in file libraries\TivaWare_C_series\tm4c123_driverlib\startup
\arm\startup_rvmdk.S
      At line 240 in file libraries\TivaWare_C_series\tm4c123_driverlib\startup
\arm\startup_rvmdk.S
      At line 241 in file libraries\TivaWare_C_series\tm4c123_driverlib\startup
\arm\startup_rvmdk.S
      At line 242 in file libraries\TivaWare_C_series\tm4c123_driverlib\startup



ARM Macro Assembler    Page 5 Alphabetic symbol ordering
Relocatable symbols

\arm\startup_rvmdk.S
      At line 243 in file libraries\TivaWare_C_series\tm4c123_driverlib\startup
\arm\startup_rvmdk.S
      At line 244 in file libraries\TivaWare_C_series\tm4c123_driverlib\startup
\arm\startup_rvmdk.S
      At line 245 in file libraries\TivaWare_C_series\tm4c123_driverlib\startup
\arm\startup_rvmdk.S
      At line 246 in file libraries\TivaWare_C_series\tm4c123_driverlib\startup
\arm\startup_rvmdk.S
      At line 247 in file libraries\TivaWare_C_series\tm4c123_driverlib\startup
\arm\startup_rvmdk.S
      At line 310 in file libraries\TivaWare_C_series\tm4c123_driverlib\startup
\arm\startup_rvmdk.S

NmiSR 00000280

Symbol: NmiSR
   Definitions
      At line 289 in file libraries\TivaWare_C_series\tm4c123_driverlib\startup
\arm\startup_rvmdk.S
   Uses
      At line 95 in file libraries\TivaWare_C_series\tm4c123_driverlib\startup\
arm\startup_rvmdk.S
      At line 290 in file libraries\TivaWare_C_series\tm4c123_driverlib\startup
\arm\startup_rvmdk.S

RESET 00000000

Symbol: RESET
   Definitions
      At line 73 in file libraries\TivaWare_C_series\tm4c123_driverlib\startup\
arm\startup_rvmdk.S
   Uses
      None
Comment: RESET unused
Reset_Handler 0000026C

Symbol: Reset_Handler
   Definitions
      At line 256 in file libraries\TivaWare_C_series\tm4c123_driverlib\startup
\arm\startup_rvmdk.S
   Uses
      At line 94 in file libraries\TivaWare_C_series\tm4c123_driverlib\startup\
arm\startup_rvmdk.S
      At line 255 in file libraries\TivaWare_C_series\tm4c123_driverlib\startup
\arm\startup_rvmdk.S

UART0IntHandler 00000286

Symbol: UART0IntHandler
   Definitions
      At line 318 in file libraries\TivaWare_C_series\tm4c123_driverlib\startup
\arm\startup_rvmdk.S
   Uses
      At line 114 in file libraries\TivaWare_C_series\tm4c123_driverlib\startup
\arm\startup_rvmdk.S
      At line 315 in file libraries\TivaWare_C_series\tm4c123_driverlib\startup
\arm\startup_rvmdk.S




ARM Macro Assembler    Page 6 Alphabetic symbol ordering
Relocatable symbols

UART1IntHandler 00000286

Symbol: UART1IntHandler
   Definitions
      At line 319 in file libraries\TivaWare_C_series\tm4c123_driverlib\startup
\arm\startup_rvmdk.S
   Uses
      At line 115 in file libraries\TivaWare_C_series\tm4c123_driverlib\startup
\arm\startup_rvmdk.S
      At line 316 in file libraries\TivaWare_C_series\tm4c123_driverlib\startup
\arm\startup_rvmdk.S

__Vectors 00000000

Symbol: __Vectors
   Definitions
      At line 92 in file libraries\TivaWare_C_series\tm4c123_driverlib\startup\
arm\startup_rvmdk.S
   Uses
      At line 91 in file libraries\TivaWare_C_series\tm4c123_driverlib\startup\
arm\startup_rvmdk.S
Comment: __Vectors used once
9 symbols



ARM Macro Assembler    Page 1 Alphabetic symbol ordering
Relocatable symbols

.text 00000000

Symbol: .text
   Definitions
      At line 336 in file libraries\TivaWare_C_series\tm4c123_driverlib\startup
\arm\startup_rvmdk.S
   Uses
      None
Comment: .text unused
__user_initial_stackheap 00000000

Symbol: __user_initial_stackheap
   Definitions
      At line 353 in file libraries\TivaWare_C_series\tm4c123_driverlib\startup
\arm\startup_rvmdk.S
   Uses
      At line 352 in file libraries\TivaWare_C_series\tm4c123_driverlib\startup
\arm\startup_rvmdk.S
Comment: __user_initial_stackheap used once
2 symbols



ARM Macro Assembler    Page 1 Alphabetic symbol ordering
Absolute symbols

Heap 00000000

Symbol: Heap
   Definitions
      At line 38 in file libraries\TivaWare_C_series\tm4c123_driverlib\startup\
arm\startup_rvmdk.S
   Uses
      At line 58 in file libraries\TivaWare_C_series\tm4c123_driverlib\startup\
arm\startup_rvmdk.S
      At line 356 in file libraries\TivaWare_C_series\tm4c123_driverlib\startup
\arm\startup_rvmdk.S

Stack 00000200

Symbol: Stack
   Definitions
      At line 31 in file libraries\TivaWare_C_series\tm4c123_driverlib\startup\
arm\startup_rvmdk.S
   Uses
      At line 47 in file libraries\TivaWare_C_series\tm4c123_driverlib\startup\
arm\startup_rvmdk.S
      At line 93 in file libraries\TivaWare_C_series\tm4c123_driverlib\startup\
arm\startup_rvmdk.S
      At line 355 in file libraries\TivaWare_C_series\tm4c123_driverlib\startup
\arm\startup_rvmdk.S

2 symbols



ARM Macro Assembler    Page 1 Alphabetic symbol ordering
External symbols

HardFault_Handler 00000000

Symbol: HardFault_Handler
   Definitions
      At line 82 in file libraries\TivaWare_C_series\tm4c123_driverlib\startup\
arm\startup_rvmdk.S
   Uses
      At line 96 in file libraries\TivaWare_C_series\tm4c123_driverlib\startup\
arm\startup_rvmdk.S
Comment: HardFault_Handler used once
PendSV_Handler 00000000

Symbol: PendSV_Handler
   Definitions
      At line 83 in file libraries\TivaWare_C_series\tm4c123_driverlib\startup\
arm\startup_rvmdk.S
   Uses
      At line 107 in file libraries\TivaWare_C_series\tm4c123_driverlib\startup
\arm\startup_rvmdk.S
Comment: PendSV_Handler used once
SysTick_Handler 00000000

Symbol: SysTick_Handler
   Definitions
      At line 84 in file libraries\TivaWare_C_series\tm4c123_driverlib\startup\
arm\startup_rvmdk.S
   Uses
      At line 108 in file libraries\TivaWare_C_series\tm4c123_driverlib\startup
\arm\startup_rvmdk.S
Comment: SysTick_Handler used once
__main 00000000

Symbol: __main
   Definitions
      At line 279 in file libraries\TivaWare_C_series\tm4c123_driverlib\startup
\arm\startup_rvmdk.S
   Uses
      At line 280 in file libraries\TivaWare_C_series\tm4c123_driverlib\startup
\arm\startup_rvmdk.S
Comment: __main used once
__use_two_region_memory 00000000

Symbol: __use_two_region_memory
   Definitions
      At line 351 in file libraries\TivaWare_C_series\tm4c123_driverlib\startup
\arm\startup_rvmdk.S
   Uses
      None
Comment: __use_two_region_memory unused
5 symbols
362 symbols in table
